<?xml version="1.0" encoding="UTF-8"?>
<!-- Generated by org.testng.reporters.JUnitXMLReporter -->
<testsuite hostname="PColiynik" name="Test" tests="4" failures="0" timestamp="5 Feb 2017 09:13:09 GMT" time="59.87" errors="0">
  <testcase name="logInOutTest" time="13.847" classname="taskfordemo.demo.BaseTests"/>
  <testcase name="FailedLogInTest" time="4.643" classname="taskfordemo.demo.BaseTests"/>
  <testcase name="InboxTest" time="15.723" classname="taskfordemo.demo.BaseTests"/>
  <testcase name="SendMessageTest" time="12.463" classname="taskfordemo.demo.BaseTests"/>
</testsuite> <!-- Test -->
